[0.000000] (-) TimerEvent: {}
[0.000606] (more_interfaces) JobQueued: {'identifier': 'more_interfaces', 'dependencies': OrderedDict()}
[0.001886] (my_station_pkg) JobQueued: {'identifier': 'my_station_pkg', 'dependencies': OrderedDict([('more_interfaces', '/home/spiderweb/TestBase/install/more_interfaces')])}
[0.002150] (my_drone_bringup) JobQueued: {'identifier': 'my_drone_bringup', 'dependencies': OrderedDict([('more_interfaces', '/home/spiderweb/TestBase/install/more_interfaces'), ('my_station_pkg', '/home/spiderweb/TestBase/install/my_station_pkg')])}
[0.002887] (more_interfaces) JobStarted: {'identifier': 'more_interfaces'}
[0.056958] (more_interfaces) JobProgress: {'identifier': 'more_interfaces', 'progress': 'cmake'}
[0.060175] (more_interfaces) JobProgress: {'identifier': 'more_interfaces', 'progress': 'build'}
[0.063228] (more_interfaces) Command: {'cmd': ['/usr/bin/cmake', '--build', '/home/spiderweb/TestBase/build/more_interfaces', '--', '-j4', '-l4'], 'cwd': '/home/spiderweb/TestBase/build/more_interfaces', 'env': OrderedDict([('LESSOPEN', '| /usr/bin/lesspipe %s'), ('USER', 'spiderweb'), ('SSH_CLIENT', '10.242.132.251 38292 22'), ('XDG_SESSION_TYPE', 'tty'), ('GIT_ASKPASS', '/home/spiderweb/.vscode-server/bin/2ccd690cbff1569e4a83d7c43d45101f817401dc/extensions/git/dist/askpass.sh'), ('SHLVL', '2'), ('LD_LIBRARY_PATH', '/home/spiderweb/TestBase/install/more_interfaces/lib:/opt/ros/humble/opt/rviz_ogre_vendor/lib:/opt/ros/humble/lib/aarch64-linux-gnu:/opt/ros/humble/lib'), ('BROWSER', '/home/spiderweb/.vscode-server/bin/2ccd690cbff1569e4a83d7c43d45101f817401dc/bin/helpers/browser.sh'), ('MOTD_SHOWN', 'pam'), ('HOME', '/home/spiderweb'), ('TERM_PROGRAM_VERSION', '1.80.2'), ('VSCODE_IPC_HOOK_CLI', '/run/user/1000/vscode-ipc-4c8b38ef-c180-4c74-a2dd-c72268063671.sock'), ('ROS_PYTHON_VERSION', '3'), ('VSCODE_GIT_ASKPASS_MAIN', '/home/spiderweb/.vscode-server/bin/2ccd690cbff1569e4a83d7c43d45101f817401dc/extensions/git/dist/askpass-main.js'), ('VSCODE_GIT_ASKPASS_NODE', '/home/spiderweb/.vscode-server/bin/2ccd690cbff1569e4a83d7c43d45101f817401dc/node'), ('DBUS_SESSION_BUS_ADDRESS', 'unix:path=/run/user/1000/bus'), ('COLORTERM', 'truecolor'), ('COLCON_PREFIX_PATH', '/home/spiderweb/TestBase/install'), ('ROS_DISTRO', 'humble'), ('LOGNAME', 'spiderweb'), ('_', '/usr/bin/colcon'), ('ROS_VERSION', '2'), ('XDG_SESSION_CLASS', 'user'), ('TERM', 'xterm-256color'), ('XDG_SESSION_ID', '1'), ('ROS_LOCALHOST_ONLY', '0'), ('PATH', '/opt/ros/humble/bin:/home/spiderweb/.vscode-server/bin/2ccd690cbff1569e4a83d7c43d45101f817401dc/bin/remote-cli:/home/spiderweb/.local/bin:/usr/local/sbin:/usr/local/bin:/usr/sbin:/usr/bin:/sbin:/bin:/usr/games:/usr/local/games:/snap/bin'), ('XDG_RUNTIME_DIR', '/run/user/1000'), ('LANG', 'en_US.UTF-8'), ('LS_COLORS', 'rs=0:di=01;34:ln=01;36:mh=00:pi=40;33:so=01;35:do=01;35:bd=40;33;01:cd=40;33;01:or=40;31;01:mi=00:su=37;41:sg=30;43:ca=30;41:tw=30;42:ow=34;42:st=37;44:ex=01;32:*.tar=01;31:*.tgz=01;31:*.arc=01;31:*.arj=01;31:*.taz=01;31:*.lha=01;31:*.lz4=01;31:*.lzh=01;31:*.lzma=01;31:*.tlz=01;31:*.txz=01;31:*.tzo=01;31:*.t7z=01;31:*.zip=01;31:*.z=01;31:*.dz=01;31:*.gz=01;31:*.lrz=01;31:*.lz=01;31:*.lzo=01;31:*.xz=01;31:*.zst=01;31:*.tzst=01;31:*.bz2=01;31:*.bz=01;31:*.tbz=01;31:*.tbz2=01;31:*.tz=01;31:*.deb=01;31:*.rpm=01;31:*.jar=01;31:*.war=01;31:*.ear=01;31:*.sar=01;31:*.rar=01;31:*.alz=01;31:*.ace=01;31:*.zoo=01;31:*.cpio=01;31:*.7z=01;31:*.rz=01;31:*.cab=01;31:*.wim=01;31:*.swm=01;31:*.dwm=01;31:*.esd=01;31:*.jpg=01;35:*.jpeg=01;35:*.mjpg=01;35:*.mjpeg=01;35:*.gif=01;35:*.bmp=01;35:*.pbm=01;35:*.pgm=01;35:*.ppm=01;35:*.tga=01;35:*.xbm=01;35:*.xpm=01;35:*.tif=01;35:*.tiff=01;35:*.png=01;35:*.svg=01;35:*.svgz=01;35:*.mng=01;35:*.pcx=01;35:*.mov=01;35:*.mpg=01;35:*.mpeg=01;35:*.m2v=01;35:*.mkv=01;35:*.webm=01;35:*.webp=01;35:*.ogm=01;35:*.mp4=01;35:*.m4v=01;35:*.mp4v=01;35:*.vob=01;35:*.qt=01;35:*.nuv=01;35:*.wmv=01;35:*.asf=01;35:*.rm=01;35:*.rmvb=01;35:*.flc=01;35:*.avi=01;35:*.fli=01;35:*.flv=01;35:*.gl=01;35:*.dl=01;35:*.xcf=01;35:*.xwd=01;35:*.yuv=01;35:*.cgm=01;35:*.emf=01;35:*.ogv=01;35:*.ogx=01;35:*.aac=00;36:*.au=00;36:*.flac=00;36:*.m4a=00;36:*.mid=00;36:*.midi=00;36:*.mka=00;36:*.mp3=00;36:*.mpc=00;36:*.ogg=00;36:*.ra=00;36:*.wav=00;36:*.oga=00;36:*.opus=00;36:*.spx=00;36:*.xspf=00;36:'), ('VSCODE_GIT_IPC_HANDLE', '/run/user/1000/vscode-git-f6d3972feb.sock'), ('TERM_PROGRAM', 'vscode'), ('AMENT_PREFIX_PATH', '/home/spiderweb/TestBase/install/my_drone_bringup:/home/spiderweb/TestBase/install/my_station_pkg:/home/spiderweb/TestBase/install/more_interfaces:/opt/ros/humble'), ('SHELL', '/bin/bash'), ('LESSCLOSE', '/usr/bin/lesspipe %s %s'), ('VSCODE_GIT_ASKPASS_EXTRA_ARGS', ''), ('PWD', '/home/spiderweb/TestBase/build/more_interfaces'), ('LC_ALL', 'en_US.UTF-8'), ('SSH_CONNECTION', '10.242.132.251 38292 10.242.20.239 22'), ('XDG_DATA_DIRS', '/usr/local/share:/usr/share:/var/lib/snapd/desktop'), ('PYTHONPATH', '/home/spiderweb/TestBase/install/my_station_pkg/lib/python3.10/site-packages:/home/spiderweb/TestBase/install/more_interfaces/local/lib/python3.10/dist-packages:/opt/ros/humble/lib/python3.10/site-packages:/opt/ros/humble/local/lib/python3.10/dist-packages'), ('COLCON', '1'), ('CMAKE_PREFIX_PATH', '/home/spiderweb/TestBase/install/my_drone_bringup:/home/spiderweb/TestBase/install/more_interfaces:/home/spiderweb/TestBase/install/my_station_pkg:/opt/ros/humble')]), 'shell': False}
[0.098408] (-) TimerEvent: {}
[0.199213] (-) TimerEvent: {}
[0.300282] (-) TimerEvent: {}
[0.301585] (more_interfaces) StdoutLine: {'line': b'[  1%] Built target more_interfaces__cpp\n'}
[0.323854] (more_interfaces) StdoutLine: {'line': b'[ 12%] Built target more_interfaces__rosidl_generator_c\n'}
[0.377664] (more_interfaces) StdoutLine: {'line': b'[ 12%] Built target ament_cmake_python_copy_more_interfaces\n'}
[0.400523] (-) TimerEvent: {}
[0.464003] (more_interfaces) StdoutLine: {'line': b'[ 24%] Built target more_interfaces__rosidl_typesupport_cpp\n'}
[0.476558] (more_interfaces) StdoutLine: {'line': b'[ 47%] Built target more_interfaces__rosidl_typesupport_introspection_cpp\n'}
[0.481442] (more_interfaces) StdoutLine: {'line': b'[ 46%] Built target more_interfaces__rosidl_typesupport_fastrtps_cpp\n'}
[0.500886] (-) TimerEvent: {}
[0.536429] (more_interfaces) StdoutLine: {'line': b'[ 58%] Built target more_interfaces__rosidl_typesupport_fastrtps_c\n'}
[0.586871] (more_interfaces) StdoutLine: {'line': b'[ 70%] Built target more_interfaces__rosidl_typesupport_introspection_c\n'}
[0.597481] (more_interfaces) StdoutLine: {'line': b'[ 82%] Built target more_interfaces__rosidl_typesupport_c\n'}
[0.600992] (-) TimerEvent: {}
[0.692144] (more_interfaces) StdoutLine: {'line': b'[ 82%] Built target more_interfaces\n'}
[0.701219] (-) TimerEvent: {}
[0.787978] (more_interfaces) StdoutLine: {'line': b'[ 83%] Built target more_interfaces__py\n'}
[0.801441] (-) TimerEvent: {}
[0.899436] (more_interfaces) StdoutLine: {'line': b'[ 93%] Built target more_interfaces__rosidl_generator_py\n'}
[0.901639] (-) TimerEvent: {}
[1.002488] (-) TimerEvent: {}
[1.010184] (more_interfaces) StdoutLine: {'line': b'[ 95%] Built target more_interfaces__rosidl_typesupport_fastrtps_c__pyext\n'}
[1.016193] (more_interfaces) StdoutLine: {'line': b'[ 97%] Built target more_interfaces__rosidl_typesupport_introspection_c__pyext\n'}
[1.030940] (more_interfaces) StdoutLine: {'line': b'[100%] Built target more_interfaces__rosidl_typesupport_c__pyext\n'}
[1.102647] (-) TimerEvent: {}
[1.203310] (-) TimerEvent: {}
[1.303993] (-) TimerEvent: {}
[1.404668] (-) TimerEvent: {}
[1.505423] (-) TimerEvent: {}
[1.606245] (-) TimerEvent: {}
[1.706987] (-) TimerEvent: {}
[1.798922] (more_interfaces) StdoutLine: {'line': b'running egg_info\n'}
[1.801351] (more_interfaces) StdoutLine: {'line': b'writing more_interfaces.egg-info/PKG-INFO\n'}
[1.802385] (more_interfaces) StdoutLine: {'line': b'writing dependency_links to more_interfaces.egg-info/dependency_links.txt\n'}
[1.803356] (more_interfaces) StdoutLine: {'line': b'writing top-level names to more_interfaces.egg-info/top_level.txt\n'}
[1.807145] (-) TimerEvent: {}
[1.814992] (more_interfaces) StdoutLine: {'line': b"reading manifest file 'more_interfaces.egg-info/SOURCES.txt'\n"}
[1.818110] (more_interfaces) StdoutLine: {'line': b"writing manifest file 'more_interfaces.egg-info/SOURCES.txt'\n"}
[1.907366] (-) TimerEvent: {}
[1.943935] (more_interfaces) StdoutLine: {'line': b'[100%] Built target ament_cmake_python_build_more_interfaces_egg\n'}
[2.007621] (-) TimerEvent: {}
[2.020045] (more_interfaces) CommandEnded: {'returncode': 0}
[2.107775] (-) TimerEvent: {}
[2.208567] (-) TimerEvent: {}
[2.309343] (-) TimerEvent: {}
[2.410295] (-) TimerEvent: {}
[2.512875] (-) TimerEvent: {}
[2.613782] (-) TimerEvent: {}
[2.714929] (-) TimerEvent: {}
[2.815811] (-) TimerEvent: {}
[2.916761] (-) TimerEvent: {}
[2.984142] (more_interfaces) StderrLine: {'line': b'Traceback (most recent call last):\n  File "/usr/lib/python3/dist-packages/colcon_parallel_executor/executor/parallel.py", line 67, in execute\n    loop.run_until_complete(future)\n  File "/usr/lib/python3.10/asyncio/base_events.py", line 636, in run_until_complete\n    self.run_forever()\n  File "/usr/lib/python3.10/asyncio/base_events.py", line 603, in run_forever\n    self._run_once()\n  File "/usr/lib/python3.10/asyncio/base_events.py", line 1872, in _run_once\n    self._process_events(event_list)\n  File "/usr/lib/python3.10/asyncio/selector_events.py", line 604, in _process_events\n    if reader._cancelled:\nKeyboardInterrupt\n\nDuring handling of the above exception, another exception occurred:\n\nTraceback (most recent call last):\n  File "/usr/lib/python3/dist-packages/colcon_core/executor/__init__.py", line 91, in __call__\n    rc = await self.task(*args, **kwargs)\n  File "/usr/lib/python3/dist-packages/colcon_core/task/__init__.py", line 93, in __call__\n    return await task_method(*args, **kwargs)\n  File "/usr/lib/python3/dist-packages/colcon_ros/task/ament_cmake/build.py", line 59, in build\n    rc = await extension.build(\n  File "/usr/lib/python3/dist-packages/colcon_cmake/task/cmake/build.py", line 110, in build\n    if await has_target(args.build_base, \'install\'):\n  File "/usr/lib/python3/dist-packages/colcon_cmake/task/cmake/__init__.py", line 57, in has_target\n    return target in await get_makefile_targets(path)\n  File "/usr/lib/python3/dist-packages/colcon_cmake/task/cmake/__init__.py", line 77, in get_makefile_targets\n    output = await check_output([\n  File "/usr/lib/python3/dist-packages/colcon_core/subprocess.py", line 128, in check_output\n    assert not rc, f\'Expected {args} to pass: {stderr_data}\'\nAssertionError: Expected [\'/usr/bin/cmake\', \'--build\', \'/home/spiderweb/TestBase/build/more_interfaces\', \'--target\', \'help\'] to pass: gmake: *** wait: No child processes.  Stop.\ngmake: *** Waiting for unfinished jobs....\ngmake: *** wait: No child processes.  Stop.\n\n'}
[2.985083] (more_interfaces) JobEnded: {'identifier': 'more_interfaces', 'rc': 'SIGINT'}
[2.996055] (my_station_pkg) JobSkipped: {'identifier': 'my_station_pkg'}
[2.996301] (my_drone_bringup) JobSkipped: {'identifier': 'my_drone_bringup'}
[2.996412] (-) EventReactorShutdown: {}
